Driver Loaded!!!
Processing Thread: main Connecting to database with connectionId: 1
Processing Thread: main ConnectionId : 1 Connection established successfully!!!
Driver Loaded!!!
Processing Thread: main Connecting to database with connectionId: 2
Processing Thread: main ConnectionId : 2 Connection established successfully!!!
Driver Loaded!!!
Processing Thread: main Connecting to database with connectionId: 3
Processing Thread: main ConnectionId : 3 Connection established successfully!!!
Driver Loaded!!!
Processing Thread: main Connecting to database with connectionId: 4
Processing Thread: main ConnectionId : 4 Connection established successfully!!!
Driver Loaded!!!
Processing Thread: main Connecting to database with connectionId: 5
Processing Thread: main ConnectionId : 5 Connection established successfully!!!
Employee being added : Rachel
Driver Loaded!!!
Processing Thread: Rachel Connecting to database with connectionId: 6
Employee being added : Terisa
Employee being added : Charlie
Employee being added : Chandler
Employee being added : Mark
Processing Thread: Rachel ConnectionId : 6 Connection established successfully!!!
Driver Loaded!!!
Processing Thread: Mark Connecting to database with connectionId: 7
Employee added : Rachel
Processing Thread: Mark ConnectionId : 7 Connection established successfully!!!
Driver Loaded!!!
Processing Thread: Chandler Connecting to database with connectionId: 8
Processing Thread: Chandler ConnectionId : 8 Connection established successfully!!!
Driver Loaded!!!
Processing Thread: Charlie Connecting to database with connectionId: 9
Employee added : Mark
Employee added : Chandler
Processing Thread: Charlie ConnectionId : 9 Connection established successfully!!!
Driver Loaded!!!
Processing Thread: Terisa Connecting to database with connectionId: 10
Processing Thread: Terisa ConnectionId : 10 Connection established successfully!!!
Employee added : Charlie
Employee added : Terisa
Driver Loaded!!!
Processing Thread: main Connecting to database with connectionId: 11
Processing Thread: main ConnectionId : 11 Connection established successfully!!!
Duration without Threads : PT5.7511225S
Duration with Threads : PT0.6756861S
